<?xml version="1.0" encoding="UTF-8" standalone="no"?>
<!DOCTYPE log SYSTEM "logger.dtd">
<log>
<record>
  <date>2020-10-20T13:45:06.571-0300</date>
  <logger>CAIO DAVI PEREIRA DA SILVA</logger>
  <level>FINE</level>
  <message>File 119110875-CAIO DAVI PEREIRA DA SILVA.zip was received. It was sent by CAIO DAVI PEREIRA DA SILVA from IP 192.168.1.13 at 20-10-2020 13*45*06</message>
</record>
</log>
<?xml version="1.0" encoding="UTF-8" standalone="no"?>
<!DOCTYPE log SYSTEM "logger.dtd">
<log>
<record>
  <date>2020-10-20T23:01:11.233-0300</date>
  <logger>CAIO DAVI PEREIRA DA SILVA</logger>
  <level>FINE</level>
  <message>File 119110875-CAIO DAVI PEREIRA DA SILVA.zip was received. It was sent by CAIO DAVI PEREIRA DA SILVA from IP 192.168.1.13 at 20-10-2020 23*01*11</message>
</record>
</log>
<?xml version="1.0" encoding="UTF-8" standalone="no"?>
<!DOCTYPE log SYSTEM "logger.dtd">
<log>
<record>
  <date>2020-10-22T22:59:27.121-0300</date>
  <logger>CAIO DAVI PEREIRA DA SILVA</logger>
  <level>FINE</level>
  <message>File 119110875-CAIO DAVI PEREIRA DA SILVA.zip was received. It was sent by CAIO DAVI PEREIRA DA SILVA from IP 192.168.1.8 at 22-10-2020 22*59*27</message>
</record>
</log>
<?xml version="1.0" encoding="UTF-8" standalone="no"?>
<!DOCTYPE log SYSTEM "logger.dtd">
<log>
<record>
  <date>2020-10-22T22:59:58.680-0300</date>
  <logger>CAIO DAVI PEREIRA DA SILVA</logger>
  <level>FINE</level>
  <message>File 119110875-CAIO DAVI PEREIRA DA SILVA.zip was received. It was sent by CAIO DAVI PEREIRA DA SILVA from IP 192.168.1.8 at 22-10-2020 22*59*58</message>
</record>
