<?xml version="1.0" encoding="UTF-8" standalone="no"?>
<!DOCTYPE log SYSTEM "logger.dtd">
<log>
<record>
  <date>2020-10-05T14:16:56.914-0300</date>
  <logger>CAIO DAVI PEREIRA DA SILVA</logger>
  <level>FINE</level>
  <message>File 119110875-CAIO DAVI PEREIRA DA SILVA.zip was received. It was sent by CAIO DAVI PEREIRA DA SILVA from IP 192.168.1.15 at 05-10-2020 14*16*56</message>
</record>
</log>
<?xml version="1.0" encoding="UTF-8" standalone="no"?>
<!DOCTYPE log SYSTEM "logger.dtd">
<log>
<record>
  <date>2020-10-06T23:39:09.170-0300</date>
  <logger>CAIO DAVI PEREIRA DA SILVA</logger>
  <level>FINE</level>
  <message>File 119110875-CAIO DAVI PEREIRA DA SILVA.zip was received. It was sent by CAIO DAVI PEREIRA DA SILVA from IP 192.168.1.7 at 06-10-2020 23*39*09</message>
</record>
</log>
<?xml version="1.0" encoding="UTF-8" standalone="no"?>
<!DOCTYPE log SYSTEM "logger.dtd">
<log>
<record>
  <date>2020-10-07T00:22:00.170-0300</date>
  <logger>CAIO DAVI PEREIRA DA SILVA</logger>
  <level>FINE</level>
  <message>File 119110875-CAIO DAVI PEREIRA DA SILVA.zip was received. It was sent by CAIO DAVI PEREIRA DA SILVA from IP 192.168.1.7 at 07-10-2020 00*22*00</message>
</record>
</log>
<?xml version="1.0" encoding="UTF-8" standalone="no"?>
<!DOCTYPE log SYSTEM "logger.dtd">
<log>
<record>
  <date>2020-10-07T00:22:31.869-0300</date>
  <logger>CAIO DAVI PEREIRA DA SILVA</logger>
  <level>FINE</level>
  <message>File 119110875-CAIO DAVI PEREIRA DA SILVA.zip was received. It was sent by CAIO DAVI PEREIRA DA SILVA from IP 192.168.1.7 at 07-10-2020 00*22*31</message>
</record>
