<?xml version="1.0" encoding="UTF-8" standalone="no"?>
<!DOCTYPE log SYSTEM "logger.dtd">
<log>
<record>
  <date>2020-09-22T11:00:23.180-0300</date>
  <logger>CAIO DAVI PEREIRA DA SILVA</logger>
  <level>FINE</level>
  <message>File 119110875-CAIO DAVI PEREIRA DA SILVA.zip was received. It was sent by CAIO DAVI PEREIRA DA SILVA from IP 192.168.1.6 at 22-09-2020 11*00*23</message>
</record>
</log>
<?xml version="1.0" encoding="UTF-8" standalone="no"?>
<!DOCTYPE log SYSTEM "logger.dtd">
<log>
<record>
  <date>2020-09-24T09:23:09.088-0300</date>
  <logger>CAIO DAVI PEREIRA DA SILVA</logger>
  <level>FINE</level>
  <message>File 119110875-CAIO DAVI PEREIRA DA SILVA.zip was received. It was sent by CAIO DAVI PEREIRA DA SILVA from IP 192.168.1.15 at 24-09-2020 09*23*09</message>
</record>
</log>
<?xml version="1.0" encoding="UTF-8" standalone="no"?>
<!DOCTYPE log SYSTEM "logger.dtd">
<log>
<record>
  <date>2020-09-24T14:48:24.971-0300</date>
  <logger>CAIO DAVI PEREIRA DA SILVA</logger>
  <level>FINE</level>
  <message>File 119110875-CAIO DAVI PEREIRA DA SILVA.zip was received. It was sent by CAIO DAVI PEREIRA DA SILVA from IP 192.168.1.15 at 24-09-2020 14*48*24</message>
</record>
</log>
<?xml version="1.0" encoding="UTF-8" standalone="no"?>
<!DOCTYPE log SYSTEM "logger.dtd">
<log>
<record>
  <date>2020-09-24T14:50:01.478-0300</date>
  <logger>CAIO DAVI PEREIRA DA SILVA</logger>
  <level>FINE</level>
  <message>File 119110875-CAIO DAVI PEREIRA DA SILVA.zip was received. It was sent by CAIO DAVI PEREIRA DA SILVA from IP 192.168.1.15 at 24-09-2020 14*50*01</message>
</record>
</log>
<?xml version="1.0" encoding="UTF-8" standalone="no"?>
<!DOCTYPE log SYSTEM "logger.dtd">
<log>
<record>
  <date>2020-09-27T23:30:13.200-0300</date>
  <logger>CAIO DAVI PEREIRA DA SILVA</logger>
  <level>FINE</level>
  <message>File 119110875-CAIO DAVI PEREIRA DA SILVA.zip was received. It was sent by CAIO DAVI PEREIRA DA SILVA from IP 192.168.1.15 at 27-09-2020 23*30*13</message>
</record>
